make --dry-run --always-make --keep-going --print-directory
make: Entering directory `/Users/vhovhann/Desktop/minishell'
make -C ./libs/libft
make -C ./libs/Fdprintf
mkdir -p obj
echo "\033[38;2;158;204;245m" "cc -Wall -Wextra -Werror -Iincludes -I./readline_update/include -I./libs/Fdprintf//includes -I./libs/libft//includes -c src/lexer/lex_utils.c -o obj/lex_utils.o" "\033[0m"
cc -Wall -Wextra -Werror -Iincludes -I./readline_update/include -I./libs/Fdprintf//includes -I./libs/libft//includes -c src/lexer/lex_utils.c -o obj/lex_utils.o
echo "\033[38;2;158;204;245m" "cc -Wall -Wextra -Werror -Iincludes -I./readline_update/include -I./libs/Fdprintf//includes -I./libs/libft//includes -c src/lexer/lexer.c -o obj/lexer.o" "\033[0m"
cc -Wall -Wextra -Werror -Iincludes -I./readline_update/include -I./libs/Fdprintf//includes -I./libs/libft//includes -c src/lexer/lexer.c -o obj/lexer.o
echo "\033[38;2;158;204;245m" "cc -Wall -Wextra -Werror -Iincludes -I./readline_update/include -I./libs/Fdprintf//includes -I./libs/libft//includes -c src/lexer/lst_utils.c -o obj/lst_utils.o" "\033[0m"
cc -Wall -Wextra -Werror -Iincludes -I./readline_update/include -I./libs/Fdprintf//includes -I./libs/libft//includes -c src/lexer/lst_utils.c -o obj/lst_utils.o
echo "\033[38;2;158;204;245m" "cc -Wall -Wextra -Werror -Iincludes -I./readline_update/include -I./libs/Fdprintf//includes -I./libs/libft//includes -c src/lexer/token_quotes.c -o obj/token_quotes.o" "\033[0m"
cc -Wall -Wextra -Werror -Iincludes -I./readline_update/include -I./libs/Fdprintf//includes -I./libs/libft//includes -c src/lexer/token_quotes.c -o obj/token_quotes.o
echo "\033[38;2;158;204;245m" "cc -Wall -Wextra -Werror -Iincludes -I./readline_update/include -I./libs/Fdprintf//includes -I./libs/libft//includes -c src/get_next_line/get_next_line_bonus.c -o obj/get_next_line_bonus.o" "\033[0m"
cc -Wall -Wextra -Werror -Iincludes -I./readline_update/include -I./libs/Fdprintf//includes -I./libs/libft//includes -c src/get_next_line/get_next_line_bonus.c -o obj/get_next_line_bonus.o
echo "\033[38;2;158;204;245m" "cc -Wall -Wextra -Werror -Iincludes -I./readline_update/include -I./libs/Fdprintf//includes -I./libs/libft//includes -c src/get_next_line/get_next_line_utils_bonus.c -o obj/get_next_line_utils_bonus.o" "\033[0m"
cc -Wall -Wextra -Werror -Iincludes -I./readline_update/include -I./libs/Fdprintf//includes -I./libs/libft//includes -c src/get_next_line/get_next_line_utils_bonus.c -o obj/get_next_line_utils_bonus.o
echo "\033[38;2;158;204;245m" "cc -Wall -Wextra -Werror -Iincludes -I./readline_update/include -I./libs/Fdprintf//includes -I./libs/libft//includes -c src/builtins/builtins.c -o obj/builtins.o" "\033[0m"
cc -Wall -Wextra -Werror -Iincludes -I./readline_update/include -I./libs/Fdprintf//includes -I./libs/libft//includes -c src/builtins/builtins.c -o obj/builtins.o
echo "\033[38;2;158;204;245m" "cc -Wall -Wextra -Werror -Iincludes -I./readline_update/include -I./libs/Fdprintf//includes -I./libs/libft//includes -c src/builtins/builtins_lists.c -o obj/builtins_lists.o" "\033[0m"
cc -Wall -Wextra -Werror -Iincludes -I./readline_update/include -I./libs/Fdprintf//includes -I./libs/libft//includes -c src/builtins/builtins_lists.c -o obj/builtins_lists.o
echo "\033[38;2;158;204;245m" "cc -Wall -Wextra -Werror -Iincludes -I./readline_update/include -I./libs/Fdprintf//includes -I./libs/libft//includes -c src/builtins/env_init.c -o obj/env_init.o" "\033[0m"
cc -Wall -Wextra -Werror -Iincludes -I./readline_update/include -I./libs/Fdprintf//includes -I./libs/libft//includes -c src/builtins/env_init.c -o obj/env_init.o
echo "\033[38;2;158;204;245m" "cc -Wall -Wextra -Werror -Iincludes -I./readline_update/include -I./libs/Fdprintf//includes -I./libs/libft//includes -c src/builtins/env_pwds.c -o obj/env_pwds.o" "\033[0m"
cc -Wall -Wextra -Werror -Iincludes -I./readline_update/include -I./libs/Fdprintf//includes -I./libs/libft//includes -c src/builtins/env_pwds.c -o obj/env_pwds.o
echo "\033[38;2;158;204;245m" "cc -Wall -Wextra -Werror -Iincludes -I./readline_update/include -I./libs/Fdprintf//includes -I./libs/libft//includes -c src/builtins/export.c -o obj/export.o" "\033[0m"
cc -Wall -Wextra -Werror -Iincludes -I./readline_update/include -I./libs/Fdprintf//includes -I./libs/libft//includes -c src/builtins/export.c -o obj/export.o
echo "\033[38;2;158;204;245m" "cc -Wall -Wextra -Werror -Iincludes -I./readline_update/include -I./libs/Fdprintf//includes -I./libs/libft//includes -c src/builtins/signals.c -o obj/signals.o" "\033[0m"
cc -Wall -Wextra -Werror -Iincludes -I./readline_update/include -I./libs/Fdprintf//includes -I./libs/libft//includes -c src/builtins/signals.c -o obj/signals.o
echo "\033[38;2;158;204;245m" "cc -Wall -Wextra -Werror -Iincludes -I./readline_update/include -I./libs/Fdprintf//includes -I./libs/libft//includes -c src/builtins/unset.c -o obj/unset.o" "\033[0m"
cc -Wall -Wextra -Werror -Iincludes -I./readline_update/include -I./libs/Fdprintf//includes -I./libs/libft//includes -c src/builtins/unset.c -o obj/unset.o
echo "\033[38;2;158;204;245m" "cc -Wall -Wextra -Werror -Iincludes -I./readline_update/include -I./libs/Fdprintf//includes -I./libs/libft//includes -c src/utils/onlyspace.c -o obj/onlyspace.o" "\033[0m"
cc -Wall -Wextra -Werror -Iincludes -I./readline_update/include -I./libs/Fdprintf//includes -I./libs/libft//includes -c src/utils/onlyspace.c -o obj/onlyspace.o
echo "\033[38;2;158;204;245m" "cc -Wall -Wextra -Werror -Iincludes -I./readline_update/include -I./libs/Fdprintf//includes -I./libs/libft//includes -c src/utils/print_minishell.c -o obj/print_minishell.o" "\033[0m"
cc -Wall -Wextra -Werror -Iincludes -I./readline_update/include -I./libs/Fdprintf//includes -I./libs/libft//includes -c src/utils/print_minishell.c -o obj/print_minishell.o
echo "\033[38;2;158;204;245m" "cc -Wall -Wextra -Werror -Iincludes -I./readline_update/include -I./libs/Fdprintf//includes -I./libs/libft//includes -c src/utils/utils.c -o obj/utils.o" "\033[0m"
cc -Wall -Wextra -Werror -Iincludes -I./readline_update/include -I./libs/Fdprintf//includes -I./libs/libft//includes -c src/utils/utils.c -o obj/utils.o
echo "\033[38;2;158;204;245m" "cc -Wall -Wextra -Werror -Iincludes -I./readline_update/include -I./libs/Fdprintf//includes -I./libs/libft//includes -c src/utils/utils2.c -o obj/utils2.o" "\033[0m"
cc -Wall -Wextra -Werror -Iincludes -I./readline_update/include -I./libs/Fdprintf//includes -I./libs/libft//includes -c src/utils/utils2.c -o obj/utils2.o
echo "\033[38;2;158;204;245m" "cc -Wall -Wextra -Werror -Iincludes -I./readline_update/include -I./libs/Fdprintf//includes -I./libs/libft//includes -c src/main.c -o obj/main.o" "\033[0m"
cc -Wall -Wextra -Werror -Iincludes -I./readline_update/include -I./libs/Fdprintf//includes -I./libs/libft//includes -c src/main.c -o obj/main.o
cc -Wall -Wextra -Werror -L./libs/libft -lft -L./readline_update/lib -lreadline -L./libs/Fdprintf -lftprintf  -o minishell  obj/lex_utils.o  obj/lexer.o  obj/lst_utils.o  obj/token_quotes.o  obj/get_next_line_bonus.o  obj/get_next_line_utils_bonus.o  obj/builtins.o  obj/builtins_lists.o  obj/env_init.o  obj/env_pwds.o  obj/export.o  obj/signals.o  obj/unset.o  obj/onlyspace.o  obj/print_minishell.o  obj/utils.o  obj/utils2.o  obj/main.o
echo "\033[38;2;0;138;240m" "\033[6;1m" COPILED"\033[0m"
make: Leaving directory `/Users/vhovhann/Desktop/minishell'
 
